[0m20:02:51.539863 [debug] [MainThread]: Sending event: {'category': 'dbt', 'action': 'invocation', 'label': 'start', 'context': [<snowplow_tracker.self_describing_json.SelfDescribingJson object at 0x1052bcd70>, <snowplow_tracker.self_describing_json.SelfDescribingJson object at 0x107b63750>, <snowplow_tracker.self_describing_json.SelfDescribingJson object at 0x107b639d0>]}


============================== 20:02:51.542405 | 39c617ef-5a76-425e-aa03-9c0ecd878a78 ==============================
[0m20:02:51.542405 [info ] [MainThread]: Running with dbt=1.7.4
[0m20:02:51.542636 [debug] [MainThread]: running dbt with arguments {'introspect': 'True', 'partial_parse': 'True', 'version_check': 'True', 'use_colors': 'True', 'printer_width': '80', 'use_experimental_parser': 'False', 'log_format': 'default', 'log_path': '/Users/sandilyachimalamarri/music-streaming-analytics/analytics/dbt/logs', 'invocation_command': 'dbt debug --profiles-dir .', 'static_parser': 'True', 'write_json': 'True', 'debug': 'False', 'fail_fast': 'False', 'cache_selected_only': 'False', 'warn_error': 'None', 'warn_error_options': 'WarnErrorOptions(include=[], exclude=[])', 'quiet': 'False', 'profiles_dir': '.', 'log_cache_events': 'False', 'target_path': 'None', 'send_anonymous_usage_stats': 'True', 'no_print': 'None', 'indirect_selection': 'eager'}
[0m20:02:51.542866 [info ] [MainThread]: dbt version: 1.7.4
[0m20:02:51.542983 [info ] [MainThread]: python version: 3.13.7
[0m20:02:51.543094 [info ] [MainThread]: python path: /Users/sandilyachimalamarri/music-streaming-analytics/venv/bin/python3.13
[0m20:02:51.543198 [info ] [MainThread]: os info: macOS-15.6.1-arm64-arm-64bit-Mach-O
[0m20:02:52.517548 [info ] [MainThread]: Using profiles dir at .
[0m20:02:52.517801 [info ] [MainThread]: Using profiles.yml file at ./profiles.yml
[0m20:02:52.517957 [info ] [MainThread]: Using dbt_project.yml file at /Users/sandilyachimalamarri/music-streaming-analytics/analytics/dbt/dbt_project.yml
[0m20:02:52.518248 [info ] [MainThread]: adapter type: postgres
[0m20:02:52.518446 [info ] [MainThread]: adapter version: 1.7.4
[0m20:02:52.541484 [info ] [MainThread]: Configuration:
[0m20:02:52.541681 [info ] [MainThread]:   profiles.yml file [[32mOK found and valid[0m]
[0m20:02:52.541808 [info ] [MainThread]:   dbt_project.yml file [[31mERROR invalid[0m]
[0m20:02:52.541931 [info ] [MainThread]: Required dependencies:
[0m20:02:52.542105 [debug] [MainThread]: Executing "git --help"
[0m20:02:52.563025 [debug] [MainThread]: STDOUT: "b"usage: git [-v | --version] [-h | --help] [-C <path>] [-c <name>=<value>]\n           [--exec-path[=<path>]] [--html-path] [--man-path] [--info-path]\n           [-p | --paginate | -P | --no-pager] [--no-replace-objects] [--bare]\n           [--git-dir=<path>] [--work-tree=<path>] [--namespace=<name>]\n           [--super-prefix=<path>] [--config-env=<name>=<envvar>]\n           <command> [<args>]\n\nThese are common Git commands used in various situations:\n\nstart a working area (see also: git help tutorial)\n   clone     Clone a repository into a new directory\n   init      Create an empty Git repository or reinitialize an existing one\n\nwork on the current change (see also: git help everyday)\n   add       Add file contents to the index\n   mv        Move or rename a file, a directory, or a symlink\n   restore   Restore working tree files\n   rm        Remove files from the working tree and from the index\n\nexamine the history and state (see also: git help revisions)\n   bisect    Use binary search to find the commit that introduced a bug\n   diff      Show changes between commits, commit and working tree, etc\n   grep      Print lines matching a pattern\n   log       Show commit logs\n   show      Show various types of objects\n   status    Show the working tree status\n\ngrow, mark and tweak your common history\n   branch    List, create, or delete branches\n   commit    Record changes to the repository\n   merge     Join two or more development histories together\n   rebase    Reapply commits on top of another base tip\n   reset     Reset current HEAD to the specified state\n   switch    Switch branches\n   tag       Create, list, delete or verify a tag object signed with GPG\n\ncollaborate (see also: git help workflows)\n   fetch     Download objects and refs from another repository\n   pull      Fetch from and integrate with another repository or a local branch\n   push      Update remote refs along with associated objects\n\n'git help -a' and 'git help -g' list available subcommands and some\nconcept guides. See 'git help <command>' or 'git help <concept>'\nto read about a specific subcommand or concept.\nSee 'git help git' for an overview of the system.\n""
[0m20:02:52.563408 [debug] [MainThread]: STDERR: "b''"
[0m20:02:52.563586 [info ] [MainThread]:  - git [[32mOK found[0m]

[0m20:02:52.563727 [info ] [MainThread]: Connection:
[0m20:02:52.563857 [info ] [MainThread]:   host: localhost
[0m20:02:52.563968 [info ] [MainThread]:   port: 5432
[0m20:02:52.564068 [info ] [MainThread]:   user: airflow
[0m20:02:52.564166 [info ] [MainThread]:   database: airflow
[0m20:02:52.564262 [info ] [MainThread]:   schema: music_analytics_dev
[0m20:02:52.564364 [info ] [MainThread]:   connect_timeout: 10
[0m20:02:52.564464 [info ] [MainThread]:   role: None
[0m20:02:52.564559 [info ] [MainThread]:   search_path: None
[0m20:02:52.564657 [info ] [MainThread]:   keepalives_idle: 0
[0m20:02:52.564751 [info ] [MainThread]:   sslmode: None
[0m20:02:52.564845 [info ] [MainThread]:   sslcert: None
[0m20:02:52.564941 [info ] [MainThread]:   sslkey: None
[0m20:02:52.565034 [info ] [MainThread]:   sslrootcert: None
[0m20:02:52.565127 [info ] [MainThread]:   application_name: dbt
[0m20:02:52.565220 [info ] [MainThread]:   retries: 1
[0m20:02:52.565400 [info ] [MainThread]: Registered adapter: postgres=1.7.4
[0m20:02:52.577580 [debug] [MainThread]: Acquiring new postgres connection 'debug'
[0m20:02:52.578047 [debug] [MainThread]: Using postgres connection "debug"
[0m20:02:52.578169 [debug] [MainThread]: On debug: select 1 as id
[0m20:02:52.578276 [debug] [MainThread]: Opening a new connection, currently in state init
[0m20:02:52.584051 [debug] [MainThread]: Postgres adapter: Got a retryable error when attempting to open a postgres connection.
1 attempts remaining. Retrying in 0 seconds.
Error:
connection to server at "localhost" (::1), port 5432 failed: Connection refused
	Is the server running on that host and accepting TCP/IP connections?
connection to server at "localhost" (127.0.0.1), port 5432 failed: Connection refused
	Is the server running on that host and accepting TCP/IP connections?

[0m20:02:52.584702 [debug] [MainThread]: Postgres adapter: Error running SQL: select 1 as id
[0m20:02:52.584812 [debug] [MainThread]: Postgres adapter: Rolling back transaction.
[0m20:02:52.584925 [debug] [MainThread]: On debug: No close available on handle
[0m20:02:52.585071 [info ] [MainThread]:   Connection test: [[31mERROR[0m]

[0m20:02:52.585231 [info ] [MainThread]: [31m2 checks failed:[0m
[0m20:02:52.585344 [info ] [MainThread]: Project loading failed for the following reason:
Runtime Error
  at path []: Additional properties are not allowed ('docs' was unexpected)

Error encountered in /Users/sandilyachimalamarri/music-streaming-analytics/analytics/dbt/dbt_project.yml


[0m20:02:52.585463 [info ] [MainThread]: dbt was unable to connect to the specified database.
The database returned the following error:

  >Database Error
  connection to server at "localhost" (::1), port 5432 failed: Connection refused
  	Is the server running on that host and accepting TCP/IP connections?
  connection to server at "localhost" (127.0.0.1), port 5432 failed: Connection refused
  	Is the server running on that host and accepting TCP/IP connections?
  

Check your database credentials and try again. For more information, visit:
https://docs.getdbt.com/docs/configure-your-profile


[0m20:02:52.596163 [debug] [MainThread]: Connection 'debug' was properly closed.
[0m20:02:52.596435 [debug] [MainThread]: Sending event: {'category': 'dbt', 'action': 'invocation', 'label': 'end', 'context': [<snowplow_tracker.self_describing_json.SelfDescribingJson object at 0x11805d5b0>, <snowplow_tracker.self_describing_json.SelfDescribingJson object at 0x11812f890>, <snowplow_tracker.self_describing_json.SelfDescribingJson object at 0x118021480>]}
[0m20:02:52.596676 [debug] [MainThread]: Flushing usage events
